0 info it worked if it ends with ok
1 verbose cli [ 'C:\\Users\\Joshua\\AppData\\Local\\.meteor\\packages\\meteor-tool\\1.4.1_1\\mt-os.windows.x86_32\\dev_bundle\\bin\\node.exe',
1 verbose cli   'C:\\Users\\Joshua\\AppData\\Local\\.meteor\\packages\\meteor-tool\\1.4.1_1\\mt-os.windows.x86_32\\dev_bundle\\lib\\node_modules\\npm\\bin\\npm-cli.js',
1 verbose cli   'install',
1 verbose cli   '--save',
1 verbose cli   'bcrypt' ]
2 info using npm@3.10.6
3 info using node@v4.5.0
4 silly loadCurrentTree Starting
5 silly install loadCurrentTree
6 silly install readLocalPackageData
7 silly fetchPackageMetaData bcrypt
8 silly fetchNamedPackageData bcrypt
9 silly mapToRegistry name bcrypt
10 silly mapToRegistry using default registry
11 silly mapToRegistry registry https://registry.npmjs.org/
12 silly mapToRegistry data Result {
12 silly mapToRegistry   raw: 'bcrypt',
12 silly mapToRegistry   scope: null,
12 silly mapToRegistry   escapedName: 'bcrypt',
12 silly mapToRegistry   name: 'bcrypt',
12 silly mapToRegistry   rawSpec: '',
12 silly mapToRegistry   spec: 'latest',
12 silly mapToRegistry   type: 'tag' }
13 silly mapToRegistry uri https://registry.npmjs.org/bcrypt
14 verbose request uri https://registry.npmjs.org/bcrypt
15 verbose request no auth needed
16 info attempt registry request try #1 at 9:44:00 AM
17 verbose request id 86a9ce4cc861c8af
18 http request GET https://registry.npmjs.org/bcrypt
19 http 200 https://registry.npmjs.org/bcrypt
20 verbose headers { server: 'CouchDB/1.6.1 (Erlang OTP/R16B03)',
20 verbose headers   etag: '"ES8MKY4VN15JHF1YJPP6RA5FS"',
20 verbose headers   'content-type': 'application/json',
20 verbose headers   'content-encoding': 'gzip',
20 verbose headers   'cache-control': 'max-age=300',
20 verbose headers   'content-length': '11851',
20 verbose headers   'accept-ranges': 'bytes',
20 verbose headers   date: 'Sun, 28 Aug 2016 23:44:01 GMT',
20 verbose headers   via: '1.1 varnish',
20 verbose headers   age: '0',
20 verbose headers   connection: 'keep-alive',
20 verbose headers   'x-served-by': 'cache-bne7720-BNE',
20 verbose headers   'x-cache': 'MISS',
20 verbose headers   'x-cache-hits': '0',
20 verbose headers   'x-timer': 'S1472427841.415980,VS0,VE415',
20 verbose headers   vary: 'Accept-Encoding' }
21 silly get cb [ 200,
21 silly get   { server: 'CouchDB/1.6.1 (Erlang OTP/R16B03)',
21 silly get     etag: '"ES8MKY4VN15JHF1YJPP6RA5FS"',
21 silly get     'content-type': 'application/json',
21 silly get     'content-encoding': 'gzip',
21 silly get     'cache-control': 'max-age=300',
21 silly get     'content-length': '11851',
21 silly get     'accept-ranges': 'bytes',
21 silly get     date: 'Sun, 28 Aug 2016 23:44:01 GMT',
21 silly get     via: '1.1 varnish',
21 silly get     age: '0',
21 silly get     connection: 'keep-alive',
21 silly get     'x-served-by': 'cache-bne7720-BNE',
21 silly get     'x-cache': 'MISS',
21 silly get     'x-cache-hits': '0',
21 silly get     'x-timer': 'S1472427841.415980,VS0,VE415',
21 silly get     vary: 'Accept-Encoding' } ]
22 verbose get saving bcrypt to C:\Users\Joshua\AppData\Roaming\npm-cache\registry.npmjs.org\bcrypt\.cache.json
23 verbose correctMkdir C:\Users\Joshua\AppData\Roaming\npm-cache correctMkdir not in flight; initializing
24 silly install normalizeTree
25 silly loadCurrentTree Finishing
26 silly loadIdealTree Starting
27 silly install loadIdealTree
28 silly cloneCurrentTree Starting
29 silly install cloneCurrentTreeToIdealTree
30 silly cloneCurrentTree Finishing
31 silly loadShrinkwrap Starting
32 silly install loadShrinkwrap
33 silly loadShrinkwrap Finishing
34 silly loadAllDepsIntoIdealTree Starting
35 silly install loadAllDepsIntoIdealTree
36 silly resolveWithNewModule bcrypt@0.8.7 checking installable status
37 silly cache add args [ 'bcrypt', null ]
38 verbose cache add spec bcrypt
39 silly cache add parsed spec Result {
39 silly cache add   raw: 'bcrypt',
39 silly cache add   scope: null,
39 silly cache add   escapedName: 'bcrypt',
39 silly cache add   name: 'bcrypt',
39 silly cache add   rawSpec: '',
39 silly cache add   spec: 'latest',
39 silly cache add   type: 'tag' }
40 silly addNamed bcrypt@latest
41 verbose addNamed "latest" is being treated as a dist-tag for bcrypt
42 info addNameTag [ 'bcrypt', 'latest' ]
43 silly mapToRegistry name bcrypt
44 silly mapToRegistry using default registry
45 silly mapToRegistry registry https://registry.npmjs.org/
46 silly mapToRegistry data Result {
46 silly mapToRegistry   raw: 'bcrypt',
46 silly mapToRegistry   scope: null,
46 silly mapToRegistry   escapedName: 'bcrypt',
46 silly mapToRegistry   name: 'bcrypt',
46 silly mapToRegistry   rawSpec: '',
46 silly mapToRegistry   spec: 'latest',
46 silly mapToRegistry   type: 'tag' }
47 silly mapToRegistry uri https://registry.npmjs.org/bcrypt
48 verbose addNameTag registry:https://registry.npmjs.org/bcrypt not in flight; fetching
49 verbose get https://registry.npmjs.org/bcrypt not expired, no request
50 silly addNameTag next cb for bcrypt with tag latest
51 silly addNamed bcrypt@0.8.7
52 verbose addNamed "0.8.7" is a plain semver version for bcrypt
53 silly mapToRegistry name bcrypt
54 silly mapToRegistry using default registry
55 silly mapToRegistry registry https://registry.npmjs.org/
56 silly mapToRegistry data Result {
56 silly mapToRegistry   raw: 'bcrypt',
56 silly mapToRegistry   scope: null,
56 silly mapToRegistry   escapedName: 'bcrypt',
56 silly mapToRegistry   name: 'bcrypt',
56 silly mapToRegistry   rawSpec: '',
56 silly mapToRegistry   spec: 'latest',
56 silly mapToRegistry   type: 'tag' }
57 silly mapToRegistry uri https://registry.npmjs.org/bcrypt
58 verbose addRemoteTarball https://registry.npmjs.org/bcrypt/-/bcrypt-0.8.7.tgz not in flight; adding
59 verbose addRemoteTarball [ 'https://registry.npmjs.org/bcrypt/-/bcrypt-0.8.7.tgz',
59 verbose addRemoteTarball   'bc3875a9afd0a7b2cd231a6a7f218a5ce156b093' ]
60 info retry fetch attempt 1 at 9:44:01 AM
61 info attempt registry request try #1 at 9:44:01 AM
62 http fetch GET https://registry.npmjs.org/bcrypt/-/bcrypt-0.8.7.tgz
63 http fetch 200 https://registry.npmjs.org/bcrypt/-/bcrypt-0.8.7.tgz
64 silly fetchAndShaCheck shasum bc3875a9afd0a7b2cd231a6a7f218a5ce156b093
65 verbose addTmpTarball C:\Users\Joshua\AppData\Local\Temp\npm-9624-54c1a961\registry.npmjs.org\bcrypt\-\bcrypt-0.8.7.tgz not in flight; adding
66 verbose addTmpTarball already have metadata; skipping unpack for bcrypt@0.8.7
67 verbose correctMkdir C:\Users\Joshua\AppData\Roaming\npm-cache correctMkdir not in flight; initializing
68 silly cache afterAdd bcrypt@0.8.7
69 verbose afterAdd C:\Users\Joshua\AppData\Roaming\npm-cache\bcrypt\0.8.7\package\package.json not in flight; writing
70 verbose correctMkdir C:\Users\Joshua\AppData\Roaming\npm-cache correctMkdir not in flight; initializing
71 verbose afterAdd C:\Users\Joshua\AppData\Roaming\npm-cache\bcrypt\0.8.7\package\package.json written
72 silly fetchNamedPackageData bindings
73 silly mapToRegistry name bindings
74 silly mapToRegistry using default registry
75 silly mapToRegistry registry https://registry.npmjs.org/
76 silly mapToRegistry data Result {
76 silly mapToRegistry   raw: 'bindings',
76 silly mapToRegistry   scope: null,
76 silly mapToRegistry   escapedName: 'bindings',
76 silly mapToRegistry   name: 'bindings',
76 silly mapToRegistry   rawSpec: '',
76 silly mapToRegistry   spec: 'latest',
76 silly mapToRegistry   type: 'tag' }
77 silly mapToRegistry uri https://registry.npmjs.org/bindings
78 silly fetchNamedPackageData nan
79 silly mapToRegistry name nan
80 silly mapToRegistry using default registry
81 silly mapToRegistry registry https://registry.npmjs.org/
82 silly mapToRegistry data Result {
82 silly mapToRegistry   raw: 'nan',
82 silly mapToRegistry   scope: null,
82 silly mapToRegistry   escapedName: 'nan',
82 silly mapToRegistry   name: 'nan',
82 silly mapToRegistry   rawSpec: '',
82 silly mapToRegistry   spec: 'latest',
82 silly mapToRegistry   type: 'tag' }
83 silly mapToRegistry uri https://registry.npmjs.org/nan
84 verbose request uri https://registry.npmjs.org/bindings
85 verbose request no auth needed
86 info attempt registry request try #1 at 9:44:01 AM
87 http request GET https://registry.npmjs.org/bindings
88 verbose request uri https://registry.npmjs.org/nan
89 verbose request no auth needed
90 info attempt registry request try #1 at 9:44:01 AM
91 http request GET https://registry.npmjs.org/nan
92 http 200 https://registry.npmjs.org/bindings
93 verbose headers { server: 'CouchDB/1.5.0 (Erlang OTP/R16B03)',
93 verbose headers   etag: '"33TX4J3DNTGF7K41ZUV6OA182"',
93 verbose headers   'content-type': 'application/json',
93 verbose headers   'content-encoding': 'gzip',
93 verbose headers   'cache-control': 'max-age=300',
93 verbose headers   'content-length': '3804',
93 verbose headers   'accept-ranges': 'bytes',
93 verbose headers   date: 'Sun, 28 Aug 2016 23:44:02 GMT',
93 verbose headers   via: '1.1 varnish',
93 verbose headers   age: '0',
93 verbose headers   connection: 'keep-alive',
93 verbose headers   'x-served-by': 'cache-bne7720-BNE',
93 verbose headers   'x-cache': 'HIT',
93 verbose headers   'x-cache-hits': '1',
93 verbose headers   'x-timer': 'S1472427842.176583,VS0,VE230',
93 verbose headers   vary: 'Accept-Encoding' }
94 silly get cb [ 200,
94 silly get   { server: 'CouchDB/1.5.0 (Erlang OTP/R16B03)',
94 silly get     etag: '"33TX4J3DNTGF7K41ZUV6OA182"',
94 silly get     'content-type': 'application/json',
94 silly get     'content-encoding': 'gzip',
94 silly get     'cache-control': 'max-age=300',
94 silly get     'content-length': '3804',
94 silly get     'accept-ranges': 'bytes',
94 silly get     date: 'Sun, 28 Aug 2016 23:44:02 GMT',
94 silly get     via: '1.1 varnish',
94 silly get     age: '0',
94 silly get     connection: 'keep-alive',
94 silly get     'x-served-by': 'cache-bne7720-BNE',
94 silly get     'x-cache': 'HIT',
94 silly get     'x-cache-hits': '1',
94 silly get     'x-timer': 'S1472427842.176583,VS0,VE230',
94 silly get     vary: 'Accept-Encoding' } ]
95 verbose get saving bindings to C:\Users\Joshua\AppData\Roaming\npm-cache\registry.npmjs.org\bindings\.cache.json
96 verbose correctMkdir C:\Users\Joshua\AppData\Roaming\npm-cache correctMkdir not in flight; initializing
97 silly resolveWithNewModule bindings@1.2.1 checking installable status
98 silly cache add args [ 'bindings@1.2.1', null ]
99 verbose cache add spec bindings@1.2.1
100 silly cache add parsed spec Result {
100 silly cache add   raw: 'bindings@1.2.1',
100 silly cache add   scope: null,
100 silly cache add   escapedName: 'bindings',
100 silly cache add   name: 'bindings',
100 silly cache add   rawSpec: '1.2.1',
100 silly cache add   spec: '1.2.1',
100 silly cache add   type: 'version' }
101 silly addNamed bindings@1.2.1
102 verbose addNamed "1.2.1" is a plain semver version for bindings
103 silly mapToRegistry name bindings
104 silly mapToRegistry using default registry
105 silly mapToRegistry registry https://registry.npmjs.org/
106 silly mapToRegistry data Result {
106 silly mapToRegistry   raw: 'bindings',
106 silly mapToRegistry   scope: null,
106 silly mapToRegistry   escapedName: 'bindings',
106 silly mapToRegistry   name: 'bindings',
106 silly mapToRegistry   rawSpec: '',
106 silly mapToRegistry   spec: 'latest',
106 silly mapToRegistry   type: 'tag' }
107 silly mapToRegistry uri https://registry.npmjs.org/bindings
108 verbose addNameVersion registry:https://registry.npmjs.org/bindings not in flight; fetching
109 verbose get https://registry.npmjs.org/bindings not expired, no request
110 silly mapToRegistry name bindings
111 silly mapToRegistry using default registry
112 silly mapToRegistry registry https://registry.npmjs.org/
113 silly mapToRegistry data Result {
113 silly mapToRegistry   raw: 'bindings',
113 silly mapToRegistry   scope: null,
113 silly mapToRegistry   escapedName: 'bindings',
113 silly mapToRegistry   name: 'bindings',
113 silly mapToRegistry   rawSpec: '',
113 silly mapToRegistry   spec: 'latest',
113 silly mapToRegistry   type: 'tag' }
114 silly mapToRegistry uri https://registry.npmjs.org/bindings
115 verbose addRemoteTarball https://registry.npmjs.org/bindings/-/bindings-1.2.1.tgz not in flight; adding
116 verbose addRemoteTarball [ 'https://registry.npmjs.org/bindings/-/bindings-1.2.1.tgz',
116 verbose addRemoteTarball   '14ad6113812d2d37d72e67b4cacb4bb726505f11' ]
117 http 200 https://registry.npmjs.org/nan
118 verbose headers { server: 'CouchDB/1.6.1 (Erlang OTP/R16B03)',
118 verbose headers   etag: '"NAY6YRKIZAXUCU18M1YHIEA2"',
118 verbose headers   'content-type': 'application/json',
118 verbose headers   'content-encoding': 'gzip',
118 verbose headers   'cache-control': 'max-age=300',
118 verbose headers   'content-length': '17135',
118 verbose headers   'accept-ranges': 'bytes',
118 verbose headers   date: 'Sun, 28 Aug 2016 23:44:02 GMT',
118 verbose headers   via: '1.1 varnish',
118 verbose headers   age: '0',
118 verbose headers   connection: 'keep-alive',
118 verbose headers   'x-served-by': 'cache-bne7723-BNE',
118 verbose headers   'x-cache': 'HIT',
118 verbose headers   'x-cache-hits': '1',
118 verbose headers   'x-timer': 'S1472427842.203924,VS0,VE213',
118 verbose headers   vary: 'Accept-Encoding' }
119 silly get cb [ 200,
119 silly get   { server: 'CouchDB/1.6.1 (Erlang OTP/R16B03)',
119 silly get     etag: '"NAY6YRKIZAXUCU18M1YHIEA2"',
119 silly get     'content-type': 'application/json',
119 silly get     'content-encoding': 'gzip',
119 silly get     'cache-control': 'max-age=300',
119 silly get     'content-length': '17135',
119 silly get     'accept-ranges': 'bytes',
119 silly get     date: 'Sun, 28 Aug 2016 23:44:02 GMT',
119 silly get     via: '1.1 varnish',
119 silly get     age: '0',
119 silly get     connection: 'keep-alive',
119 silly get     'x-served-by': 'cache-bne7723-BNE',
119 silly get     'x-cache': 'HIT',
119 silly get     'x-cache-hits': '1',
119 silly get     'x-timer': 'S1472427842.203924,VS0,VE213',
119 silly get     vary: 'Accept-Encoding' } ]
120 verbose get saving nan to C:\Users\Joshua\AppData\Roaming\npm-cache\registry.npmjs.org\nan\.cache.json
121 verbose correctMkdir C:\Users\Joshua\AppData\Roaming\npm-cache correctMkdir not in flight; initializing
122 info retry fetch attempt 1 at 9:44:01 AM
123 info attempt registry request try #1 at 9:44:01 AM
124 http fetch GET https://registry.npmjs.org/bindings/-/bindings-1.2.1.tgz
125 silly resolveWithNewModule nan@2.3.5 checking installable status
126 silly cache add args [ 'nan@2.3.5', null ]
127 verbose cache add spec nan@2.3.5
128 silly cache add parsed spec Result {
128 silly cache add   raw: 'nan@2.3.5',
128 silly cache add   scope: null,
128 silly cache add   escapedName: 'nan',
128 silly cache add   name: 'nan',
128 silly cache add   rawSpec: '2.3.5',
128 silly cache add   spec: '2.3.5',
128 silly cache add   type: 'version' }
129 silly addNamed nan@2.3.5
130 verbose addNamed "2.3.5" is a plain semver version for nan
131 silly mapToRegistry name nan
132 silly mapToRegistry using default registry
133 silly mapToRegistry registry https://registry.npmjs.org/
134 silly mapToRegistry data Result {
134 silly mapToRegistry   raw: 'nan',
134 silly mapToRegistry   scope: null,
134 silly mapToRegistry   escapedName: 'nan',
134 silly mapToRegistry   name: 'nan',
134 silly mapToRegistry   rawSpec: '',
134 silly mapToRegistry   spec: 'latest',
134 silly mapToRegistry   type: 'tag' }
135 silly mapToRegistry uri https://registry.npmjs.org/nan
136 verbose addNameVersion registry:https://registry.npmjs.org/nan not in flight; fetching
137 http fetch 200 https://registry.npmjs.org/bindings/-/bindings-1.2.1.tgz
138 verbose get https://registry.npmjs.org/nan not expired, no request
139 silly fetchAndShaCheck shasum 14ad6113812d2d37d72e67b4cacb4bb726505f11
140 verbose addTmpTarball C:\Users\Joshua\AppData\Local\Temp\npm-9624-54c1a961\registry.npmjs.org\bindings\-\bindings-1.2.1.tgz not in flight; adding
141 verbose addTmpTarball already have metadata; skipping unpack for bindings@1.2.1
142 verbose correctMkdir C:\Users\Joshua\AppData\Roaming\npm-cache correctMkdir not in flight; initializing
143 silly mapToRegistry name nan
144 silly mapToRegistry using default registry
145 silly mapToRegistry registry https://registry.npmjs.org/
146 silly mapToRegistry data Result {
146 silly mapToRegistry   raw: 'nan',
146 silly mapToRegistry   scope: null,
146 silly mapToRegistry   escapedName: 'nan',
146 silly mapToRegistry   name: 'nan',
146 silly mapToRegistry   rawSpec: '',
146 silly mapToRegistry   spec: 'latest',
146 silly mapToRegistry   type: 'tag' }
147 silly mapToRegistry uri https://registry.npmjs.org/nan
148 verbose addRemoteTarball https://registry.npmjs.org/nan/-/nan-2.3.5.tgz not in flight; adding
149 verbose addRemoteTarball [ 'https://registry.npmjs.org/nan/-/nan-2.3.5.tgz',
149 verbose addRemoteTarball   '822a0dc266290ce4cd3a12282ca3e7e364668a08' ]
150 info retry fetch attempt 1 at 9:44:01 AM
151 info attempt registry request try #1 at 9:44:01 AM
152 http fetch GET https://registry.npmjs.org/nan/-/nan-2.3.5.tgz
153 silly cache afterAdd bindings@1.2.1
154 verbose afterAdd C:\Users\Joshua\AppData\Roaming\npm-cache\bindings\1.2.1\package\package.json not in flight; writing
155 verbose correctMkdir C:\Users\Joshua\AppData\Roaming\npm-cache correctMkdir not in flight; initializing
156 verbose afterAdd C:\Users\Joshua\AppData\Roaming\npm-cache\bindings\1.2.1\package\package.json written
157 http fetch 200 https://registry.npmjs.org/nan/-/nan-2.3.5.tgz
158 silly fetchAndShaCheck shasum 822a0dc266290ce4cd3a12282ca3e7e364668a08
159 verbose addTmpTarball C:\Users\Joshua\AppData\Local\Temp\npm-9624-54c1a961\registry.npmjs.org\nan\-\nan-2.3.5.tgz not in flight; adding
160 verbose addTmpTarball already have metadata; skipping unpack for nan@2.3.5
161 verbose correctMkdir C:\Users\Joshua\AppData\Roaming\npm-cache correctMkdir not in flight; initializing
162 silly cache afterAdd nan@2.3.5
163 verbose afterAdd C:\Users\Joshua\AppData\Roaming\npm-cache\nan\2.3.5\package\package.json not in flight; writing
164 verbose correctMkdir C:\Users\Joshua\AppData\Roaming\npm-cache correctMkdir not in flight; initializing
165 verbose afterAdd C:\Users\Joshua\AppData\Roaming\npm-cache\nan\2.3.5\package\package.json written
166 silly fetchNamedPackageData buffertools
167 silly mapToRegistry name buffertools
168 silly mapToRegistry using default registry
169 silly mapToRegistry registry https://registry.npmjs.org/
170 silly mapToRegistry data Result {
170 silly mapToRegistry   raw: 'buffertools',
170 silly mapToRegistry   scope: null,
170 silly mapToRegistry   escapedName: 'buffertools',
170 silly mapToRegistry   name: 'buffertools',
170 silly mapToRegistry   rawSpec: '',
170 silly mapToRegistry   spec: 'latest',
170 silly mapToRegistry   type: 'tag' }
171 silly mapToRegistry uri https://registry.npmjs.org/buffertools
172 verbose request uri https://registry.npmjs.org/buffertools
173 verbose request no auth needed
174 info attempt registry request try #1 at 9:44:02 AM
175 verbose etag "7A3XM081RG5ECFPRPHGOV5CBV"
176 http request GET https://registry.npmjs.org/buffertools
177 http 304 https://registry.npmjs.org/buffertools
178 verbose headers { date: 'Sun, 28 Aug 2016 23:44:02 GMT',
178 verbose headers   via: '1.1 varnish',
178 verbose headers   'cache-control': 'max-age=300',
178 verbose headers   etag: '"7A3XM081RG5ECFPRPHGOV5CBV"',
178 verbose headers   age: '0',
178 verbose headers   connection: 'keep-alive',
178 verbose headers   'x-served-by': 'cache-bne7720-BNE',
178 verbose headers   'x-cache': 'MISS',
178 verbose headers   'x-cache-hits': '0',
178 verbose headers   'x-timer': 'S1472427842.806571,VS0,VE202',
178 verbose headers   vary: 'Accept-Encoding' }
179 silly get cb [ 304,
179 silly get   { date: 'Sun, 28 Aug 2016 23:44:02 GMT',
179 silly get     via: '1.1 varnish',
179 silly get     'cache-control': 'max-age=300',
179 silly get     etag: '"7A3XM081RG5ECFPRPHGOV5CBV"',
179 silly get     age: '0',
179 silly get     connection: 'keep-alive',
179 silly get     'x-served-by': 'cache-bne7720-BNE',
179 silly get     'x-cache': 'MISS',
179 silly get     'x-cache-hits': '0',
179 silly get     'x-timer': 'S1472427842.806571,VS0,VE202',
179 silly get     vary: 'Accept-Encoding' } ]
180 verbose etag https://registry.npmjs.org/buffertools from cache
181 verbose get saving buffertools to C:\Users\Joshua\AppData\Roaming\npm-cache\registry.npmjs.org\buffertools\.cache.json
182 verbose correctMkdir C:\Users\Joshua\AppData\Roaming\npm-cache correctMkdir not in flight; initializing
183 silly resolveWithNewModule buffertools@2.1.4 checking installable status
184 silly cache add args [ 'buffertools@>= 1.0.3', null ]
185 verbose cache add spec buffertools@>= 1.0.3
186 silly cache add parsed spec Result {
186 silly cache add   raw: 'buffertools@>= 1.0.3',
186 silly cache add   scope: null,
186 silly cache add   escapedName: 'buffertools',
186 silly cache add   name: 'buffertools',
186 silly cache add   rawSpec: '>= 1.0.3',
186 silly cache add   spec: '>=1.0.3',
186 silly cache add   type: 'range' }
187 silly addNamed buffertools@>=1.0.3
188 verbose addNamed ">=1.0.3" is a valid semver range for buffertools
189 silly addNameRange { name: 'buffertools', range: '>=1.0.3', hasData: false }
190 silly mapToRegistry name buffertools
191 silly mapToRegistry using default registry
192 silly mapToRegistry registry https://registry.npmjs.org/
193 silly mapToRegistry data Result {
193 silly mapToRegistry   raw: 'buffertools',
193 silly mapToRegistry   scope: null,
193 silly mapToRegistry   escapedName: 'buffertools',
193 silly mapToRegistry   name: 'buffertools',
193 silly mapToRegistry   rawSpec: '',
193 silly mapToRegistry   spec: 'latest',
193 silly mapToRegistry   type: 'tag' }
194 silly mapToRegistry uri https://registry.npmjs.org/buffertools
195 verbose addNameRange registry:https://registry.npmjs.org/buffertools not in flight; fetching
196 verbose get https://registry.npmjs.org/buffertools not expired, no request
197 silly addNameRange number 2 { name: 'buffertools', range: '>=1.0.3', hasData: true }
198 silly addNameRange versions [ 'buffertools',
198 silly addNameRange   [ '1.0.0',
198 silly addNameRange     '1.0.1',
198 silly addNameRange     '1.0.2',
198 silly addNameRange     '1.0.3',
198 silly addNameRange     '1.0.4',
198 silly addNameRange     '1.0.5',
198 silly addNameRange     '1.0.6',
198 silly addNameRange     '1.0.7',
198 silly addNameRange     '1.0.8',
198 silly addNameRange     '1.0.9',
198 silly addNameRange     '1.1.0',
198 silly addNameRange     '1.1.1',
198 silly addNameRange     '2.0.0',
198 silly addNameRange     '2.0.1',
198 silly addNameRange     '2.1.0',
198 silly addNameRange     '2.1.1',
198 silly addNameRange     '2.1.2',
198 silly addNameRange     '2.1.3',
198 silly addNameRange     '2.1.4' ] ]
199 silly addNamed buffertools@2.1.4
200 verbose addNamed "2.1.4" is a plain semver version for buffertools
201 silly cache afterAdd buffertools@2.1.4
202 verbose afterAdd C:\Users\Joshua\AppData\Roaming\npm-cache\buffertools\2.1.4\package\package.json not in flight; writing
203 verbose correctMkdir C:\Users\Joshua\AppData\Roaming\npm-cache correctMkdir not in flight; initializing
204 verbose afterAdd C:\Users\Joshua\AppData\Roaming\npm-cache\buffertools\2.1.4\package\package.json written
205 silly loadAllDepsIntoIdealTree Finishing
206 silly loadIdealTree Finishing
207 silly currentTree qurious@1.0.0
207 silly currentTree +-- bufferjs@3.0.1
207 silly currentTree +-- bufferstream@0.6.2
207 silly currentTree +-- meteor-node-stubs@0.2.3
207 silly currentTree | +-- assert@1.3.0
207 silly currentTree | +-- browserify-zlib@0.1.4
207 silly currentTree | | `-- pako@0.2.8
207 silly currentTree | +-- buffer@4.5.1
207 silly currentTree | | +-- base64-js@1.1.2
207 silly currentTree | | +-- ieee754@1.1.6
207 silly currentTree | | `-- isarray@1.0.0
207 silly currentTree | +-- console-browserify@1.1.0
207 silly currentTree | | `-- date-now@0.1.4
207 silly currentTree | +-- constants-browserify@1.0.0
207 silly currentTree | +-- crypto-browserify@3.11.0
207 silly currentTree | | +-- browserify-cipher@1.0.0
207 silly currentTree | | | +-- browserify-aes@1.0.6
207 silly currentTree | | | | +-- buffer-xor@1.0.3
207 silly currentTree | | | | `-- cipher-base@1.0.2
207 silly currentTree | | | +-- browserify-des@1.0.0
207 silly currentTree | | | | +-- cipher-base@1.0.2
207 silly currentTree | | | | `-- des.js@1.0.0
207 silly currentTree | | | |   `-- minimalistic-assert@1.0.0
207 silly currentTree | | | `-- evp_bytestokey@1.0.0
207 silly currentTree | | +-- browserify-sign@4.0.0
207 silly currentTree | | | +-- bn.js@4.11.1
207 silly currentTree | | | +-- browserify-rsa@4.0.1
207 silly currentTree | | | +-- elliptic@6.2.3
207 silly currentTree | | | | +-- brorand@1.0.5
207 silly currentTree | | | | `-- hash.js@1.0.3
207 silly currentTree | | | `-- parse-asn1@5.0.0
207 silly currentTree | | |   +-- asn1.js@4.5.2
207 silly currentTree | | |   | `-- minimalistic-assert@1.0.0
207 silly currentTree | | |   +-- browserify-aes@1.0.6
207 silly currentTree | | |   | +-- buffer-xor@1.0.3
207 silly currentTree | | |   | `-- cipher-base@1.0.2
207 silly currentTree | | |   `-- evp_bytestokey@1.0.0
207 silly currentTree | | +-- create-ecdh@4.0.0
207 silly currentTree | | | +-- bn.js@4.11.1
207 silly currentTree | | | `-- elliptic@6.2.3
207 silly currentTree | | |   +-- brorand@1.0.5
207 silly currentTree | | |   `-- hash.js@1.0.3
207 silly currentTree | | +-- create-hash@1.1.2
207 silly currentTree | | | +-- cipher-base@1.0.2
207 silly currentTree | | | +-- ripemd160@1.0.1
207 silly currentTree | | | `-- sha.js@2.4.5
207 silly currentTree | | +-- create-hmac@1.1.4
207 silly currentTree | | +-- diffie-hellman@5.0.2
207 silly currentTree | | | +-- bn.js@4.11.1
207 silly currentTree | | | `-- miller-rabin@4.0.0
207 silly currentTree | | |   `-- brorand@1.0.5
207 silly currentTree | | +-- inherits@2.0.1
207 silly currentTree | | +-- pbkdf2@3.0.4
207 silly currentTree | | +-- public-encrypt@4.0.0
207 silly currentTree | | | +-- bn.js@4.11.1
207 silly currentTree | | | +-- browserify-rsa@4.0.1
207 silly currentTree | | | `-- parse-asn1@5.0.0
207 silly currentTree | | |   +-- asn1.js@4.5.2
207 silly currentTree | | |   | `-- minimalistic-assert@1.0.0
207 silly currentTree | | |   +-- browserify-aes@1.0.6
207 silly currentTree | | |   | +-- buffer-xor@1.0.3
207 silly currentTree | | |   | `-- cipher-base@1.0.2
207 silly currentTree | | |   `-- evp_bytestokey@1.0.0
207 silly currentTree | | `-- randombytes@2.0.3
207 silly currentTree | +-- domain-browser@1.1.7
207 silly currentTree | +-- events@1.1.0
207 silly currentTree | +-- http-browserify@1.7.0
207 silly currentTree | | +-- Base64@0.2.1
207 silly currentTree | | `-- inherits@2.0.1
207 silly currentTree | +-- https-browserify@0.0.1
207 silly currentTree | +-- os-browserify@0.2.1
207 silly currentTree | +-- path-browserify@0.0.0
207 silly currentTree | +-- process@0.11.2
207 silly currentTree | +-- punycode@1.4.1
207 silly currentTree | +-- querystring-es3@0.2.1
207 silly currentTree | +-- readable-stream@2.0.6
207 silly currentTree | | +-- core-util-is@1.0.2
207 silly currentTree | | +-- inherits@2.0.1
207 silly currentTree | | +-- isarray@1.0.0
207 silly currentTree | | +-- process-nextick-args@1.0.6
207 silly currentTree | | `-- util-deprecate@1.0.2
207 silly currentTree | +-- stream-browserify@2.0.1
207 silly currentTree | | `-- inherits@2.0.1
207 silly currentTree | +-- string_decoder@0.10.31
207 silly currentTree | +-- timers-browserify@1.4.2
207 silly currentTree | +-- tty-browserify@0.0.0
207 silly currentTree | +-- url@0.11.0
207 silly currentTree | | +-- punycode@1.3.2
207 silly currentTree | | `-- querystring@0.2.0
207 silly currentTree | +-- util@0.10.3
207 silly currentTree | | `-- inherits@2.0.1
207 silly currentTree | `-- vm-browserify@0.0.4
207 silly currentTree |   `-- indexof@0.0.1
207 silly currentTree +-- slug@0.9.1
207 silly currentTree `-- unicode@0.6.1
208 silly idealTree qurious@1.0.0
208 silly idealTree +-- bcrypt@0.8.7
208 silly idealTree +-- bindings@1.2.1
208 silly idealTree +-- bufferjs@3.0.1
208 silly idealTree +-- bufferstream@0.6.2
208 silly idealTree +-- buffertools@2.1.4
208 silly idealTree +-- meteor-node-stubs@0.2.3
208 silly idealTree | +-- assert@1.3.0
208 silly idealTree | +-- browserify-zlib@0.1.4
208 silly idealTree | | `-- pako@0.2.8
208 silly idealTree | +-- buffer@4.5.1
208 silly idealTree | | +-- base64-js@1.1.2
208 silly idealTree | | +-- ieee754@1.1.6
208 silly idealTree | | `-- isarray@1.0.0
208 silly idealTree | +-- console-browserify@1.1.0
208 silly idealTree | | `-- date-now@0.1.4
208 silly idealTree | +-- constants-browserify@1.0.0
208 silly idealTree | +-- crypto-browserify@3.11.0
208 silly idealTree | | +-- browserify-cipher@1.0.0
208 silly idealTree | | | +-- browserify-aes@1.0.6
208 silly idealTree | | | | +-- buffer-xor@1.0.3
208 silly idealTree | | | | `-- cipher-base@1.0.2
208 silly idealTree | | | +-- browserify-des@1.0.0
208 silly idealTree | | | | +-- cipher-base@1.0.2
208 silly idealTree | | | | `-- des.js@1.0.0
208 silly idealTree | | | |   `-- minimalistic-assert@1.0.0
208 silly idealTree | | | `-- evp_bytestokey@1.0.0
208 silly idealTree | | +-- browserify-sign@4.0.0
208 silly idealTree | | | +-- bn.js@4.11.1
208 silly idealTree | | | +-- browserify-rsa@4.0.1
208 silly idealTree | | | +-- elliptic@6.2.3
208 silly idealTree | | | | +-- brorand@1.0.5
208 silly idealTree | | | | `-- hash.js@1.0.3
208 silly idealTree | | | `-- parse-asn1@5.0.0
208 silly idealTree | | |   +-- asn1.js@4.5.2
208 silly idealTree | | |   | `-- minimalistic-assert@1.0.0
208 silly idealTree | | |   +-- browserify-aes@1.0.6
208 silly idealTree | | |   | +-- buffer-xor@1.0.3
208 silly idealTree | | |   | `-- cipher-base@1.0.2
208 silly idealTree | | |   `-- evp_bytestokey@1.0.0
208 silly idealTree | | +-- create-ecdh@4.0.0
208 silly idealTree | | | +-- bn.js@4.11.1
208 silly idealTree | | | `-- elliptic@6.2.3
208 silly idealTree | | |   +-- brorand@1.0.5
208 silly idealTree | | |   `-- hash.js@1.0.3
208 silly idealTree | | +-- create-hash@1.1.2
208 silly idealTree | | | +-- cipher-base@1.0.2
208 silly idealTree | | | +-- ripemd160@1.0.1
208 silly idealTree | | | `-- sha.js@2.4.5
208 silly idealTree | | +-- create-hmac@1.1.4
208 silly idealTree | | +-- diffie-hellman@5.0.2
208 silly idealTree | | | +-- bn.js@4.11.1
208 silly idealTree | | | `-- miller-rabin@4.0.0
208 silly idealTree | | |   `-- brorand@1.0.5
208 silly idealTree | | +-- inherits@2.0.1
208 silly idealTree | | +-- pbkdf2@3.0.4
208 silly idealTree | | +-- public-encrypt@4.0.0
208 silly idealTree | | | +-- bn.js@4.11.1
208 silly idealTree | | | +-- browserify-rsa@4.0.1
208 silly idealTree | | | `-- parse-asn1@5.0.0
208 silly idealTree | | |   +-- asn1.js@4.5.2
208 silly idealTree | | |   | `-- minimalistic-assert@1.0.0
208 silly idealTree | | |   +-- browserify-aes@1.0.6
208 silly idealTree | | |   | +-- buffer-xor@1.0.3
208 silly idealTree | | |   | `-- cipher-base@1.0.2
208 silly idealTree | | |   `-- evp_bytestokey@1.0.0
208 silly idealTree | | `-- randombytes@2.0.3
208 silly idealTree | +-- domain-browser@1.1.7
208 silly idealTree | +-- events@1.1.0
208 silly idealTree | +-- http-browserify@1.7.0
208 silly idealTree | | +-- Base64@0.2.1
208 silly idealTree | | `-- inherits@2.0.1
208 silly idealTree | +-- https-browserify@0.0.1
208 silly idealTree | +-- os-browserify@0.2.1
208 silly idealTree | +-- path-browserify@0.0.0
208 silly idealTree | +-- process@0.11.2
208 silly idealTree | +-- punycode@1.4.1
208 silly idealTree | +-- querystring-es3@0.2.1
208 silly idealTree | +-- readable-stream@2.0.6
208 silly idealTree | | +-- core-util-is@1.0.2
208 silly idealTree | | +-- inherits@2.0.1
208 silly idealTree | | +-- isarray@1.0.0
208 silly idealTree | | +-- process-nextick-args@1.0.6
208 silly idealTree | | `-- util-deprecate@1.0.2
208 silly idealTree | +-- stream-browserify@2.0.1
208 silly idealTree | | `-- inherits@2.0.1
208 silly idealTree | +-- string_decoder@0.10.31
208 silly idealTree | +-- timers-browserify@1.4.2
208 silly idealTree | +-- tty-browserify@0.0.0
208 silly idealTree | +-- url@0.11.0
208 silly idealTree | | +-- punycode@1.3.2
208 silly idealTree | | `-- querystring@0.2.0
208 silly idealTree | +-- util@0.10.3
208 silly idealTree | | `-- inherits@2.0.1
208 silly idealTree | `-- vm-browserify@0.0.4
208 silly idealTree |   `-- indexof@0.0.1
208 silly idealTree +-- nan@2.3.5
208 silly idealTree +-- slug@0.9.1
208 silly idealTree `-- unicode@0.6.1
209 silly generateActionsToTake Starting
210 silly install generateActionsToTake
211 silly generateActionsToTake Finishing
212 silly diffTrees action count 4
213 silly diffTrees add buffertools@2.1.4
214 silly diffTrees add bindings@1.2.1
215 silly diffTrees add nan@2.3.5
216 silly diffTrees add bcrypt@0.8.7
217 silly decomposeActions action count 32
218 silly decomposeActions fetch buffertools@2.1.4
219 silly decomposeActions extract buffertools@2.1.4
220 silly decomposeActions test buffertools@2.1.4
221 silly decomposeActions preinstall buffertools@2.1.4
222 silly decomposeActions build buffertools@2.1.4
223 silly decomposeActions install buffertools@2.1.4
224 silly decomposeActions postinstall buffertools@2.1.4
225 silly decomposeActions finalize buffertools@2.1.4
226 silly decomposeActions fetch bindings@1.2.1
227 silly decomposeActions extract bindings@1.2.1
228 silly decomposeActions test bindings@1.2.1
229 silly decomposeActions preinstall bindings@1.2.1
230 silly decomposeActions build bindings@1.2.1
231 silly decomposeActions install bindings@1.2.1
232 silly decomposeActions postinstall bindings@1.2.1
233 silly decomposeActions finalize bindings@1.2.1
234 silly decomposeActions fetch nan@2.3.5
235 silly decomposeActions extract nan@2.3.5
236 silly decomposeActions test nan@2.3.5
237 silly decomposeActions preinstall nan@2.3.5
238 silly decomposeActions build nan@2.3.5
239 silly decomposeActions install nan@2.3.5
240 silly decomposeActions postinstall nan@2.3.5
241 silly decomposeActions finalize nan@2.3.5
242 silly decomposeActions fetch bcrypt@0.8.7
243 silly decomposeActions extract bcrypt@0.8.7
244 silly decomposeActions test bcrypt@0.8.7
245 silly decomposeActions preinstall bcrypt@0.8.7
246 silly decomposeActions build bcrypt@0.8.7
247 silly decomposeActions install bcrypt@0.8.7
248 silly decomposeActions postinstall bcrypt@0.8.7
249 silly decomposeActions finalize bcrypt@0.8.7
250 silly executeActions Starting
251 silly install executeActions
252 silly doSerial global-install 0
253 silly doParallel fetch 4
254 verbose correctMkdir C:\Users\Joshua\AppData\Roaming\npm-cache\_locks correctMkdir not in flight; initializing
255 verbose lock using C:\Users\Joshua\AppData\Roaming\npm-cache\_locks\staging-e8ebdc861aa8ef83.lock for C:\Users\Joshua\Documents\GitHub\qurious\node_modules\.staging
256 silly doParallel extract 4
257 silly extract buffertools@2.1.4
258 silly extract bindings@1.2.1
259 silly extract nan@2.3.5
260 silly extract bcrypt@0.8.7
261 verbose unbuild node_modules\.staging\bindings-ee18cb8f
262 verbose unbuild node_modules\.staging\buffertools-a41c68b0
263 verbose unbuild node_modules\.staging\nan-7457b7fa
264 verbose unbuild node_modules\.staging\bcrypt-181e94fd
265 silly gentlyRm C:\Users\Joshua\Documents\GitHub\qurious\node_modules\.staging\bindings-ee18cb8f is being purged from base C:\Users\Joshua\Documents\GitHub\qurious
266 verbose gentlyRm don't care about contents; nuking C:\Users\Joshua\Documents\GitHub\qurious\node_modules\.staging\bindings-ee18cb8f
267 silly gentlyRm C:\Users\Joshua\Documents\GitHub\qurious\node_modules\.staging\buffertools-a41c68b0 is being purged from base C:\Users\Joshua\Documents\GitHub\qurious
268 verbose gentlyRm don't care about contents; nuking C:\Users\Joshua\Documents\GitHub\qurious\node_modules\.staging\buffertools-a41c68b0
269 silly gentlyRm C:\Users\Joshua\Documents\GitHub\qurious\node_modules\.staging\nan-7457b7fa is being purged from base C:\Users\Joshua\Documents\GitHub\qurious
270 verbose gentlyRm don't care about contents; nuking C:\Users\Joshua\Documents\GitHub\qurious\node_modules\.staging\nan-7457b7fa
271 silly gentlyRm C:\Users\Joshua\Documents\GitHub\qurious\node_modules\.staging\bcrypt-181e94fd is being purged from base C:\Users\Joshua\Documents\GitHub\qurious
272 verbose gentlyRm don't care about contents; nuking C:\Users\Joshua\Documents\GitHub\qurious\node_modules\.staging\bcrypt-181e94fd
273 verbose tar unpack C:\Users\Joshua\AppData\Roaming\npm-cache\bindings\1.2.1\package.tgz
274 verbose tar unpacking to C:\Users\Joshua\Documents\GitHub\qurious\node_modules\.staging\bindings-ee18cb8f
275 silly gentlyRm C:\Users\Joshua\Documents\GitHub\qurious\node_modules\.staging\bindings-ee18cb8f is being purged
276 verbose gentlyRm don't care about contents; nuking C:\Users\Joshua\Documents\GitHub\qurious\node_modules\.staging\bindings-ee18cb8f
277 verbose tar unpack C:\Users\Joshua\AppData\Roaming\npm-cache\buffertools\2.1.4\package.tgz
278 verbose tar unpacking to C:\Users\Joshua\Documents\GitHub\qurious\node_modules\.staging\buffertools-a41c68b0
279 silly gentlyRm C:\Users\Joshua\Documents\GitHub\qurious\node_modules\.staging\buffertools-a41c68b0 is being purged
280 verbose gentlyRm don't care about contents; nuking C:\Users\Joshua\Documents\GitHub\qurious\node_modules\.staging\buffertools-a41c68b0
281 verbose tar unpack C:\Users\Joshua\AppData\Roaming\npm-cache\nan\2.3.5\package.tgz
282 verbose tar unpacking to C:\Users\Joshua\Documents\GitHub\qurious\node_modules\.staging\nan-7457b7fa
283 silly gentlyRm C:\Users\Joshua\Documents\GitHub\qurious\node_modules\.staging\nan-7457b7fa is being purged
284 verbose gentlyRm don't care about contents; nuking C:\Users\Joshua\Documents\GitHub\qurious\node_modules\.staging\nan-7457b7fa
285 verbose tar unpack C:\Users\Joshua\AppData\Roaming\npm-cache\bcrypt\0.8.7\package.tgz
286 verbose tar unpacking to C:\Users\Joshua\Documents\GitHub\qurious\node_modules\.staging\bcrypt-181e94fd
287 silly gentlyRm C:\Users\Joshua\Documents\GitHub\qurious\node_modules\.staging\bcrypt-181e94fd is being purged
288 verbose gentlyRm don't care about contents; nuking C:\Users\Joshua\Documents\GitHub\qurious\node_modules\.staging\bcrypt-181e94fd
289 silly gunzTarPerm modes [ '777', '666' ]
290 silly gunzTarPerm modes [ '777', '666' ]
291 silly gunzTarPerm modes [ '777', '666' ]
292 silly gunzTarPerm modes [ '777', '666' ]
293 silly gunzTarPerm extractEntry package.json
294 silly gunzTarPerm modified mode [ 'package.json', 420, 438 ]
295 silly gunzTarPerm extractEntry package.json
296 silly gunzTarPerm modified mode [ 'package.json', 436, 438 ]
297 silly gunzTarPerm extractEntry package.json
298 silly gunzTarPerm modified mode [ 'package.json', 420, 438 ]
299 silly gunzTarPerm extractEntry package.json
300 silly gunzTarPerm modified mode [ 'package.json', 436, 438 ]
301 silly gunzTarPerm extractEntry README.md
302 silly gunzTarPerm modified mode [ 'README.md', 420, 438 ]
303 silly gunzTarPerm extractEntry bindings.js
304 silly gunzTarPerm modified mode [ 'bindings.js', 420, 438 ]
305 silly gunzTarPerm extractEntry .npmignore
306 silly gunzTarPerm modified mode [ '.npmignore', 436, 438 ]
307 silly gunzTarPerm extractEntry README.md
308 silly gunzTarPerm modified mode [ 'README.md', 436, 438 ]
309 silly gunzTarPerm extractEntry .npmignore
310 silly gunzTarPerm modified mode [ '.npmignore', 420, 438 ]
311 silly gunzTarPerm extractEntry README.md
312 silly gunzTarPerm modified mode [ 'README.md', 420, 438 ]
313 silly gunzTarPerm extractEntry README.md
314 silly gunzTarPerm modified mode [ 'README.md', 436, 438 ]
315 silly gunzTarPerm extractEntry include_dirs.js
316 silly gunzTarPerm modified mode [ 'include_dirs.js', 436, 438 ]
317 silly gunzTarPerm extractEntry LICENSE
318 silly gunzTarPerm modified mode [ 'LICENSE', 420, 438 ]
319 silly gunzTarPerm extractEntry bcrypt.js
320 silly gunzTarPerm modified mode [ 'bcrypt.js', 420, 438 ]
321 silly gunzTarPerm extractEntry Makefile
322 silly gunzTarPerm modified mode [ 'Makefile', 420, 438 ]
323 silly gunzTarPerm extractEntry .travis.yml
324 silly gunzTarPerm modified mode [ '.travis.yml', 420, 438 ]
325 silly gunzTarPerm extractEntry CHANGELOG.md
326 silly gunzTarPerm modified mode [ 'CHANGELOG.md', 420, 438 ]
327 silly gunzTarPerm extractEntry binding.gyp
328 silly gunzTarPerm modified mode [ 'binding.gyp', 420, 438 ]
329 silly gunzTarPerm extractEntry examples/async_compare.js
330 silly gunzTarPerm modified mode [ 'examples/async_compare.js', 420, 438 ]
331 silly gunzTarPerm extractEntry examples/forever_gen_salt.js
332 silly gunzTarPerm modified mode [ 'examples/forever_gen_salt.js', 420, 438 ]
333 silly gunzTarPerm extractEntry test/async.js
334 silly gunzTarPerm modified mode [ 'test/async.js', 420, 438 ]
335 silly gunzTarPerm extractEntry test/repetitions.js
336 silly gunzTarPerm modified mode [ 'test/repetitions.js', 420, 438 ]
337 silly gunzTarPerm extractEntry test/sync.js
338 silly gunzTarPerm modified mode [ 'test/sync.js', 420, 438 ]
339 silly gunzTarPerm extractEntry ISSUE_TEMPLATE.md
340 silly gunzTarPerm modified mode [ 'ISSUE_TEMPLATE.md', 420, 438 ]
341 silly gunzTarPerm extractEntry src/bcrypt.cc
342 silly gunzTarPerm modified mode [ 'src/bcrypt.cc', 420, 438 ]
343 silly gunzTarPerm extractEntry src/bcrypt_node.cc
344 silly gunzTarPerm modified mode [ 'src/bcrypt_node.cc', 420, 438 ]
345 silly gunzTarPerm extractEntry src/blowfish.cc
346 silly gunzTarPerm modified mode [ 'src/blowfish.cc', 420, 438 ]
347 silly gunzTarPerm extractEntry src/node_blf.h
348 silly gunzTarPerm modified mode [ 'src/node_blf.h', 420, 438 ]
349 silly gunzTarPerm extractEntry werker.yml
350 silly gunzTarPerm modified mode [ 'werker.yml', 420, 438 ]
351 silly gunzTarPerm extractEntry LICENSE
352 silly gunzTarPerm modified mode [ 'LICENSE', 436, 438 ]
353 silly gunzTarPerm extractEntry buffertools.js
354 silly gunzTarPerm modified mode [ 'buffertools.js', 436, 438 ]
355 silly gunzTarPerm extractEntry nan_converters.h
356 silly gunzTarPerm modified mode [ 'nan_converters.h', 436, 438 ]
357 silly gunzTarPerm extractEntry LICENSE.md
358 silly gunzTarPerm modified mode [ 'LICENSE.md', 436, 438 ]
359 silly gunzTarPerm extractEntry doc/node_misc.md
360 silly gunzTarPerm modified mode [ 'doc/node_misc.md', 436, 438 ]
361 silly gunzTarPerm extractEntry doc/asyncworker.md
362 silly gunzTarPerm modified mode [ 'doc/asyncworker.md', 436, 438 ]
363 silly gunzTarPerm extractEntry test.js
364 silly gunzTarPerm modified mode [ 'test.js', 436, 438 ]
365 silly gunzTarPerm extractEntry binding.gyp
366 silly gunzTarPerm modified mode [ 'binding.gyp', 436, 438 ]
367 silly gunzTarPerm extractEntry buffertools.cc
368 silly gunzTarPerm modified mode [ 'buffertools.cc', 436, 438 ]
369 silly gunzTarPerm extractEntry BoyerMoore.h
370 silly gunzTarPerm modified mode [ 'BoyerMoore.h', 436, 438 ]
371 silly gunzTarPerm extractEntry AUTHORS
372 silly gunzTarPerm modified mode [ 'AUTHORS', 436, 438 ]
373 silly gunzTarPerm extractEntry .mailmap
374 silly gunzTarPerm modified mode [ '.mailmap', 436, 438 ]
375 silly gunzTarPerm extractEntry doc/callback.md
376 silly gunzTarPerm modified mode [ 'doc/callback.md', 436, 438 ]
377 silly gunzTarPerm extractEntry doc/converters.md
378 silly gunzTarPerm modified mode [ 'doc/converters.md', 436, 438 ]
379 silly gunzTarPerm extractEntry doc/errors.md
380 silly gunzTarPerm modified mode [ 'doc/errors.md', 436, 438 ]
381 silly gunzTarPerm extractEntry doc/maybe_types.md
382 silly gunzTarPerm modified mode [ 'doc/maybe_types.md', 436, 438 ]
383 silly gunzTarPerm extractEntry doc/methods.md
384 silly gunzTarPerm modified mode [ 'doc/methods.md', 436, 438 ]
385 silly gunzTarPerm extractEntry doc/new.md
386 silly gunzTarPerm modified mode [ 'doc/new.md', 436, 438 ]
387 silly gunzTarPerm extractEntry doc/buffers.md
388 silly gunzTarPerm modified mode [ 'doc/buffers.md', 436, 438 ]
389 silly gunzTarPerm extractEntry doc/object_wrappers.md
390 silly gunzTarPerm modified mode [ 'doc/object_wrappers.md', 436, 438 ]
391 silly gentlyRm C:\Users\Joshua\Documents\GitHub\qurious\node_modules\.staging\bindings-ee18cb8f\node_modules is being purged
392 verbose gentlyRm don't care about contents; nuking C:\Users\Joshua\Documents\GitHub\qurious\node_modules\.staging\bindings-ee18cb8f\node_modules
393 silly gunzTarPerm extractEntry doc/persistent.md
394 silly gunzTarPerm modified mode [ 'doc/persistent.md', 436, 438 ]
395 silly gunzTarPerm extractEntry doc/scopes.md
396 silly gunzTarPerm modified mode [ 'doc/scopes.md', 436, 438 ]
397 silly gunzTarPerm extractEntry doc/script.md
398 silly gunzTarPerm modified mode [ 'doc/script.md', 436, 438 ]
399 silly gunzTarPerm extractEntry doc/string_bytes.md
400 silly gunzTarPerm modified mode [ 'doc/string_bytes.md', 436, 438 ]
401 silly gunzTarPerm extractEntry doc/v8_internals.md
402 silly gunzTarPerm modified mode [ 'doc/v8_internals.md', 436, 438 ]
403 silly gunzTarPerm extractEntry doc/v8_misc.md
404 silly gunzTarPerm modified mode [ 'doc/v8_misc.md', 436, 438 ]
405 silly gunzTarPerm extractEntry nan.h
406 silly gunzTarPerm modified mode [ 'nan.h', 436, 438 ]
407 silly gunzTarPerm extractEntry nan_callbacks.h
408 silly gunzTarPerm modified mode [ 'nan_callbacks.h', 436, 438 ]
409 silly gunzTarPerm extractEntry nan_callbacks_12_inl.h
410 silly gunzTarPerm modified mode [ 'nan_callbacks_12_inl.h', 436, 438 ]
411 silly gunzTarPerm extractEntry nan_callbacks_pre_12_inl.h
412 silly gunzTarPerm modified mode [ 'nan_callbacks_pre_12_inl.h', 436, 438 ]
413 silly gunzTarPerm extractEntry nan_converters_43_inl.h
414 silly gunzTarPerm modified mode [ 'nan_converters_43_inl.h', 436, 438 ]
415 silly gunzTarPerm extractEntry nan_converters_pre_43_inl.h
416 silly gunzTarPerm modified mode [ 'nan_converters_pre_43_inl.h', 436, 438 ]
417 silly gunzTarPerm extractEntry nan_implementation_12_inl.h
418 silly gunzTarPerm modified mode [ 'nan_implementation_12_inl.h', 436, 438 ]
419 silly gunzTarPerm extractEntry nan_implementation_pre_12_inl.h
420 silly gunzTarPerm modified mode [ 'nan_implementation_pre_12_inl.h', 436, 438 ]
421 silly gunzTarPerm extractEntry nan_maybe_43_inl.h
422 silly gunzTarPerm modified mode [ 'nan_maybe_43_inl.h', 436, 438 ]
423 silly gunzTarPerm extractEntry nan_maybe_pre_43_inl.h
424 silly gunzTarPerm modified mode [ 'nan_maybe_pre_43_inl.h', 436, 438 ]
425 silly gunzTarPerm extractEntry nan_new.h
426 silly gunzTarPerm modified mode [ 'nan_new.h', 436, 438 ]
427 silly gunzTarPerm extractEntry nan_object_wrap.h
428 silly gunzTarPerm modified mode [ 'nan_object_wrap.h', 436, 438 ]
429 silly gunzTarPerm extractEntry nan_persistent_12_inl.h
430 silly gunzTarPerm modified mode [ 'nan_persistent_12_inl.h', 436, 438 ]
431 silly gunzTarPerm extractEntry nan_persistent_pre_12_inl.h
432 silly gunzTarPerm modified mode [ 'nan_persistent_pre_12_inl.h', 436, 438 ]
433 silly gunzTarPerm extractEntry nan_string_bytes.h
434 silly gunzTarPerm modified mode [ 'nan_string_bytes.h', 436, 438 ]
435 silly gunzTarPerm extractEntry nan_typedarray_contents.h
436 silly gunzTarPerm modified mode [ 'nan_typedarray_contents.h', 436, 438 ]
437 silly gunzTarPerm extractEntry nan_weak.h
438 silly gunzTarPerm modified mode [ 'nan_weak.h', 436, 438 ]
439 silly gunzTarPerm extractEntry CHANGELOG.md
440 silly gunzTarPerm modified mode [ 'CHANGELOG.md', 436, 438 ]
441 silly gunzTarPerm extractEntry tools/package.json
442 silly gunzTarPerm modified mode [ 'tools/package.json', 436, 438 ]
443 silly gunzTarPerm extractEntry tools/README.md
444 silly gunzTarPerm modified mode [ 'tools/README.md', 436, 438 ]
445 silly gunzTarPerm extractEntry tools/1to2.js
446 silly gunzTarPerm modified mode [ 'tools/1to2.js', 509, 511 ]
447 silly gentlyRm C:\Users\Joshua\Documents\GitHub\qurious\node_modules\.staging\buffertools-a41c68b0\node_modules is being purged
448 verbose gentlyRm don't care about contents; nuking C:\Users\Joshua\Documents\GitHub\qurious\node_modules\.staging\buffertools-a41c68b0\node_modules
449 silly gentlyRm C:\Users\Joshua\Documents\GitHub\qurious\node_modules\.staging\bcrypt-181e94fd\node_modules is being purged
450 verbose gentlyRm don't care about contents; nuking C:\Users\Joshua\Documents\GitHub\qurious\node_modules\.staging\bcrypt-181e94fd\node_modules
451 silly gentlyRm C:\Users\Joshua\Documents\GitHub\qurious\node_modules\.staging\nan-7457b7fa\node_modules is being purged
452 verbose gentlyRm don't care about contents; nuking C:\Users\Joshua\Documents\GitHub\qurious\node_modules\.staging\nan-7457b7fa\node_modules
453 silly doParallel preinstall 4
454 silly preinstall buffertools@2.1.4 C:\Users\Joshua\Documents\GitHub\qurious\node_modules\.staging\buffertools-a41c68b0
455 info lifecycle buffertools@2.1.4~preinstall: buffertools@2.1.4
456 silly preinstall bindings@1.2.1 C:\Users\Joshua\Documents\GitHub\qurious\node_modules\.staging\bindings-ee18cb8f
457 info lifecycle bindings@1.2.1~preinstall: bindings@1.2.1
458 silly preinstall nan@2.3.5 C:\Users\Joshua\Documents\GitHub\qurious\node_modules\.staging\nan-7457b7fa
459 info lifecycle nan@2.3.5~preinstall: nan@2.3.5
460 silly preinstall bcrypt@0.8.7 C:\Users\Joshua\Documents\GitHub\qurious\node_modules\.staging\bcrypt-181e94fd
461 info lifecycle bcrypt@0.8.7~preinstall: bcrypt@0.8.7
462 silly lifecycle buffertools@2.1.4~preinstall: no script for preinstall, continuing
463 silly lifecycle bindings@1.2.1~preinstall: no script for preinstall, continuing
464 silly lifecycle nan@2.3.5~preinstall: no script for preinstall, continuing
465 silly lifecycle bcrypt@0.8.7~preinstall: no script for preinstall, continuing
466 silly doReverseSerial remove 0
467 silly doSerial move 0
468 silly doSerial finalize 4
469 silly finalize C:\Users\Joshua\Documents\GitHub\qurious\node_modules\buffertools
470 silly finalize C:\Users\Joshua\Documents\GitHub\qurious\node_modules\bindings
471 silly finalize C:\Users\Joshua\Documents\GitHub\qurious\node_modules\nan
472 silly finalize C:\Users\Joshua\Documents\GitHub\qurious\node_modules\bcrypt
473 silly doSerial build 4
474 silly build buffertools@2.1.4
475 info linkStuff buffertools@2.1.4
476 silly linkStuff buffertools@2.1.4 has C:\Users\Joshua\Documents\GitHub\qurious\node_modules as its parent node_modules
477 verbose linkBins buffertools@2.1.4
478 verbose linkMans buffertools@2.1.4
479 silly build bindings@1.2.1
480 info linkStuff bindings@1.2.1
481 silly linkStuff bindings@1.2.1 has C:\Users\Joshua\Documents\GitHub\qurious\node_modules as its parent node_modules
482 verbose linkBins bindings@1.2.1
483 verbose linkMans bindings@1.2.1
484 silly build nan@2.3.5
485 info linkStuff nan@2.3.5
486 silly linkStuff nan@2.3.5 has C:\Users\Joshua\Documents\GitHub\qurious\node_modules as its parent node_modules
487 verbose linkBins nan@2.3.5
488 verbose linkMans nan@2.3.5
489 silly build bcrypt@0.8.7
490 info linkStuff bcrypt@0.8.7
491 silly linkStuff bcrypt@0.8.7 has C:\Users\Joshua\Documents\GitHub\qurious\node_modules as its parent node_modules
492 verbose linkBins bcrypt@0.8.7
493 verbose linkMans bcrypt@0.8.7
494 silly doSerial global-link 0
495 silly doParallel update-linked 0
496 silly doSerial install 4
497 silly install buffertools@2.1.4 C:\Users\Joshua\Documents\GitHub\qurious\node_modules\.staging\buffertools-a41c68b0
498 info lifecycle buffertools@2.1.4~install: buffertools@2.1.4
499 verbose lifecycle buffertools@2.1.4~install: unsafe-perm in lifecycle true
500 verbose lifecycle buffertools@2.1.4~install: PATH: C:\Users\Joshua\AppData\Local\.meteor\packages\meteor-tool\1.4.1_1\mt-os.windows.x86_32\dev_bundle\lib\node_modules\npm\bin\node-gyp-bin;C:\Users\Joshua\Documents\GitHub\qurious\node_modules\buffertools\node_modules\.bin;C:\Users\Joshua\Documents\GitHub\qurious\node_modules\.bin;C:\Users\Joshua\AppData\Local\.meteor\packages\meteor-tool\1.4.1_1\mt-os.windows.x86_32\dev_bundle\bin;C:\Users\Joshua\AppData\Local\.meteor\packages\meteor-tool\1.4.1_1\mt-os.windows.x86_32\dev_bundle\lib\node_modules\.bin;C:\Program Files\ConEmu\ConEmu\Scripts;C:\Program Files\ConEmu;C:\Program Files\ConEmu\ConEmu;C:\ProgramData\Oracle\Java\javapath;C:\WINDOWS\system32;C:\WINDOWS;C:\WINDOWS\System32\Wbem;C:\WINDOWS\System32\WindowsPowerShell\v1.0\;C:\Program Files (x86)\Skype\Phone\;C:\Program Files (x86)\PuTTY\;C:\Program Files (x86)\Windows Live\Shared;C:\Program Files\nodejs\;C:\Program Files (x86)\Windows Kits\8.1\Windows Performance Toolkit\;C:\Program Files (x86)\QuickTime\QTSystem\;C:\Users\Joshua\AppData\Local\.meteor\;C:\Users\Joshua\AppData\Roaming\npm;C:\adb;
501 verbose lifecycle buffertools@2.1.4~install: CWD: C:\Users\Joshua\Documents\GitHub\qurious\node_modules\buffertools
502 silly lifecycle buffertools@2.1.4~install: Args: [ '/d /s /c', 'node-gyp rebuild' ]
503 silly lifecycle buffertools@2.1.4~install: Returned: code: 1  signal: null
504 info lifecycle buffertools@2.1.4~install: Failed to exec install script
505 warn install:buffertools@2.1.4 buffertools@2.1.4 install: `node-gyp rebuild`
505 warn install:buffertools@2.1.4 Exit status 1
506 verbose install:buffertools@2.1.4 Error: buffertools@2.1.4 install: `node-gyp rebuild`
506 verbose install:buffertools@2.1.4 Exit status 1
506 verbose install:buffertools@2.1.4     at EventEmitter.<anonymous> (C:\Users\Joshua\AppData\Local\.meteor\packages\meteor-tool\1.4.1_1\mt-os.windows.x86_32\dev_bundle\lib\node_modules\npm\lib\utils\lifecycle.js:255:16)
506 verbose install:buffertools@2.1.4     at emitTwo (events.js:87:13)
506 verbose install:buffertools@2.1.4     at EventEmitter.emit (events.js:172:7)
506 verbose install:buffertools@2.1.4     at ChildProcess.<anonymous> (C:\Users\Joshua\AppData\Local\.meteor\packages\meteor-tool\1.4.1_1\mt-os.windows.x86_32\dev_bundle\lib\node_modules\npm\lib\utils\spawn.js:40:14)
506 verbose install:buffertools@2.1.4     at emitTwo (events.js:87:13)
506 verbose install:buffertools@2.1.4     at ChildProcess.emit (events.js:172:7)
506 verbose install:buffertools@2.1.4     at maybeClose (internal/child_process.js:829:16)
506 verbose install:buffertools@2.1.4     at Process.ChildProcess._handle.onexit (internal/child_process.js:211:5)
507 silly install bindings@1.2.1 C:\Users\Joshua\Documents\GitHub\qurious\node_modules\.staging\bindings-ee18cb8f
508 info lifecycle bindings@1.2.1~install: bindings@1.2.1
509 silly lifecycle bindings@1.2.1~install: no script for install, continuing
510 silly install nan@2.3.5 C:\Users\Joshua\Documents\GitHub\qurious\node_modules\.staging\nan-7457b7fa
511 info lifecycle nan@2.3.5~install: nan@2.3.5
512 silly lifecycle nan@2.3.5~install: no script for install, continuing
513 silly install bcrypt@0.8.7 C:\Users\Joshua\Documents\GitHub\qurious\node_modules\.staging\bcrypt-181e94fd
514 info lifecycle bcrypt@0.8.7~install: bcrypt@0.8.7
515 verbose lifecycle bcrypt@0.8.7~install: unsafe-perm in lifecycle true
516 verbose lifecycle bcrypt@0.8.7~install: PATH: C:\Users\Joshua\AppData\Local\.meteor\packages\meteor-tool\1.4.1_1\mt-os.windows.x86_32\dev_bundle\lib\node_modules\npm\bin\node-gyp-bin;C:\Users\Joshua\Documents\GitHub\qurious\node_modules\bcrypt\node_modules\.bin;C:\Users\Joshua\Documents\GitHub\qurious\node_modules\.bin;C:\Users\Joshua\AppData\Local\.meteor\packages\meteor-tool\1.4.1_1\mt-os.windows.x86_32\dev_bundle\bin;C:\Users\Joshua\AppData\Local\.meteor\packages\meteor-tool\1.4.1_1\mt-os.windows.x86_32\dev_bundle\lib\node_modules\.bin;C:\Program Files\ConEmu\ConEmu\Scripts;C:\Program Files\ConEmu;C:\Program Files\ConEmu\ConEmu;C:\ProgramData\Oracle\Java\javapath;C:\WINDOWS\system32;C:\WINDOWS;C:\WINDOWS\System32\Wbem;C:\WINDOWS\System32\WindowsPowerShell\v1.0\;C:\Program Files (x86)\Skype\Phone\;C:\Program Files (x86)\PuTTY\;C:\Program Files (x86)\Windows Live\Shared;C:\Program Files\nodejs\;C:\Program Files (x86)\Windows Kits\8.1\Windows Performance Toolkit\;C:\Program Files (x86)\QuickTime\QTSystem\;C:\Users\Joshua\AppData\Local\.meteor\;C:\Users\Joshua\AppData\Roaming\npm;C:\adb;
517 verbose lifecycle bcrypt@0.8.7~install: CWD: C:\Users\Joshua\Documents\GitHub\qurious\node_modules\bcrypt
518 silly lifecycle bcrypt@0.8.7~install: Args: [ '/d /s /c', 'node-gyp rebuild' ]
519 silly lifecycle bcrypt@0.8.7~install: Returned: code: 1  signal: null
520 info lifecycle bcrypt@0.8.7~install: Failed to exec install script
521 verbose unlock done using C:\Users\Joshua\AppData\Roaming\npm-cache\_locks\staging-e8ebdc861aa8ef83.lock for C:\Users\Joshua\Documents\GitHub\qurious\node_modules\.staging
522 silly rollbackFailedOptional Starting
523 silly rollbackFailedOptional Finishing
524 silly runTopLevelLifecycles Starting
525 silly runTopLevelLifecycles Finishing
526 silly install printInstalled
527 verbose stack Error: bcrypt@0.8.7 install: `node-gyp rebuild`
527 verbose stack Exit status 1
527 verbose stack     at EventEmitter.<anonymous> (C:\Users\Joshua\AppData\Local\.meteor\packages\meteor-tool\1.4.1_1\mt-os.windows.x86_32\dev_bundle\lib\node_modules\npm\lib\utils\lifecycle.js:255:16)
527 verbose stack     at emitTwo (events.js:87:13)
527 verbose stack     at EventEmitter.emit (events.js:172:7)
527 verbose stack     at ChildProcess.<anonymous> (C:\Users\Joshua\AppData\Local\.meteor\packages\meteor-tool\1.4.1_1\mt-os.windows.x86_32\dev_bundle\lib\node_modules\npm\lib\utils\spawn.js:40:14)
527 verbose stack     at emitTwo (events.js:87:13)
527 verbose stack     at ChildProcess.emit (events.js:172:7)
527 verbose stack     at maybeClose (internal/child_process.js:829:16)
527 verbose stack     at Process.ChildProcess._handle.onexit (internal/child_process.js:211:5)
528 verbose pkgid bcrypt@0.8.7
529 verbose cwd C:\Users\Joshua\Documents\GitHub\qurious
530 error Windows_NT 10.0.10586
531 error argv "C:\\Users\\Joshua\\AppData\\Local\\.meteor\\packages\\meteor-tool\\1.4.1_1\\mt-os.windows.x86_32\\dev_bundle\\bin\\node.exe" "C:\\Users\\Joshua\\AppData\\Local\\.meteor\\packages\\meteor-tool\\1.4.1_1\\mt-os.windows.x86_32\\dev_bundle\\lib\\node_modules\\npm\\bin\\npm-cli.js" "install" "--save" "bcrypt"
532 error node v4.5.0
533 error npm  v3.10.6
534 error code ELIFECYCLE
535 error bcrypt@0.8.7 install: `node-gyp rebuild`
535 error Exit status 1
536 error Failed at the bcrypt@0.8.7 install script 'node-gyp rebuild'.
536 error Make sure you have the latest version of node.js and npm installed.
536 error If you do, this is most likely a problem with the bcrypt package,
536 error not with npm itself.
536 error Tell the author that this fails on your system:
536 error     node-gyp rebuild
536 error You can get information on how to open an issue for this project with:
536 error     npm bugs bcrypt
536 error Or if that isn't available, you can get their info via:
536 error     npm owner ls bcrypt
536 error There is likely additional logging output above.
537 verbose exit [ 1, true ]
